Running: C:\Xilinx\14.7\ISE_DS\ISE\bin\nt64\unwrapped\fuse.exe -intstyle ise -incremental -lib unisims_ver -lib unimacro_ver -lib xilinxcorelib_ver -o C:/CSC340L/Robert_Howell/CSC340Project/courseProjectSchematic_courseProjectSchematic_sch_tb_isim_beh.exe -prj C:/CSC340L/Robert_Howell/CSC340Project/courseProjectSchematic_courseProjectSchematic_sch_tb_beh.prj work.courseProjectSchematic_courseProjectSchematic_sch_tb work.glbl 
ISim P.20131013 (signature 0x7708f090)
Number of CPUs detected in this system: 4
Turning on mult-threading, number of parallel sub-compilation jobs: 8 
Determining compilation order of HDL files
Analyzing Verilog file "C:/CSC340L/Robert_Howell/CSC340Project/courseProjectSchematic.vf" into library work
Analyzing Verilog file "C:/CSC340L/Robert_Howell/CSC340Project/csc340teamproject.v" into library work
Analyzing Verilog file "C:/Xilinx/14.7/ISE_DS/ISE//verilog/src/glbl.v" into library work
Starting static elaboration
Completed static elaboration
Compiling module AND5
Compiling module FDR
Compiling module AND2
Compiling module OR2
Compiling module NAND2
Compiling module courseProjectSchematic
Compiling module courseProjectSchematic_coursePro...
Compiling module glbl
Time Resolution for simulation is 1ps.
Waiting for 1 sub-compilation(s) to finish...
Compiled 8 Verilog Units
Built simulation executable C:/CSC340L/Robert_Howell/CSC340Project/courseProjectSchematic_courseProjectSchematic_sch_tb_isim_beh.exe
Fuse Memory Usage: 28044 KB
Fuse CPU Usage: 796 ms
